# JRE version: OpenJDK Runtime Environment (11.0.11+9) (build 11.0.11+9-b60-7590822)
# Java VM: OpenJDK 64-Bit Server VM (11.0.11+9-b60-7590822, mixed mode, tiered, compressed oops, g1 gc, windows-amd64)
Heap:
 garbage-first heap   total 118784K, used 92128K [0x0000000080000000, 0x0000000100000000)
  region size 1024K, 19 young (19456K), 4 survivors (4096K)
 Metaspace       used 87130K, capacity 89156K, committed 89180K, reserved 1126400K
  class space    used 11231K, capacity 12018K, committed 12032K, reserved 1048576K
GC Heap History (20 events):
Event: 10.659 GC heap before
{Heap before GC invocations=20 (full 0):
 garbage-first heap   total 118784K, used 81026K [0x0000000080000000, 0x0000000100000000)
  region size 1024K, 29 young (29696K), 5 survivors (5120K)
 Metaspace       used 65002K, capacity 66600K, committed 66780K, reserved 1107968K
  class space    used 8180K, capacity 8775K, committed 8832K, reserved 1048576K
}
Event: 10.665 GC heap after
{Heap after GC invocations=21 (full 0):
 garbage-first heap   total 118784K, used 59314K [0x0000000080000000, 0x0000000100000000)
  region size 1024K, 2 young (2048K), 2 survivors (2048K)
 Metaspace       used 65002K, capacity 66600K, committed 66780K, reserved 1107968K
  class space    used 8180K, capacity 8775K, committed 8832K, reserved 1048576K
}
Event: 11.280 GC heap before
{Heap before GC invocations=22 (full 0):
 garbage-first heap   total 118784K, used 91058K [0x0000000080000000, 0x0000000100000000)
  region size 1024K, 32 young (32768K), 2 survivors (2048K)
 Metaspace       used 67616K, capacity 69121K, committed 69468K, reserved 1110016K
  class space    used 8506K, capacity 9095K, committed 9216K, reserved 1048576K
}
Event: 11.284 GC heap after
{Heap after GC invocations=23 (full 0):
 garbage-first heap   total 118784K, used 60172K [0x0000000080000000, 0x0000000100000000)
  region size 1024K, 3 young (3072K), 3 survivors (3072K)
 Metaspace       used 67616K, capacity 69121K, committed 69468K, reserved 1110016K
  class space    used 8506K, capacity 9095K, committed 9216K, reserved 1048576K
}
Event: 11.750 GC heap before
{Heap before GC invocations=23 (full 0):
 garbage-first heap   total 118784K, used 90892K [0x0000000080000000, 0x0000000100000000)
  region size 1024K, 33 young (33792K), 3 survivors (3072K)
 Metaspace       used 68225K, capacity 69824K, committed 69980K, reserved 1110016K
  class space    used 8598K, capacity 9201K, committed 9216K, reserved 1048576K
}
Event: 11.757 GC heap after
{Heap after GC invocations=24 (full 0):
 garbage-first heap   total 118784K, used 62841K [0x0000000080000000, 0x0000000100000000)
  region size 1024K, 4 young (4096K), 4 survivors (4096K)
 Metaspace       used 68225K, capacity 69824K, committed 69980K, reserved 1110016K
  class space    used 8598K, capacity 9201K, committed 9216K, reserved 1048576K
}
Event: 14.069 GC heap before
{Heap before GC invocations=25 (full 0):
 garbage-first heap   total 118784K, used 93561K [0x0000000080000000, 0x0000000100000000)
  region size 1024K, 34 young (34816K), 4 survivors (4096K)
 Metaspace       used 68945K, capacity 70513K, committed 70620K, reserved 1110016K
  class space    used 8670K, capacity 9301K, committed 9344K, reserved 1048576K
}
Event: 14.075 GC heap after
{Heap after GC invocations=26 (full 0):
 garbage-first heap   total 118784K, used 65151K [0x0000000080000000, 0x0000000100000000)
  region size 1024K, 5 young (5120K), 5 survivors (5120K)
 Metaspace       used 68945K, capacity 70513K, committed 70620K, reserved 1110016K
  class space    used 8670K, capacity 9301K, committed 9344K, reserved 1048576K
}
Event: 14.949 GC heap before
{Heap before GC invocations=26 (full 0):
 garbage-first heap   total 118784K, used 94847K [0x0000000080000000, 0x0000000100000000)
  region size 1024K, 34 young (34816K), 5 survivors (5120K)
 Metaspace       used 72692K, capacity 74337K, committed 74588K, reserved 1114112K
  class space    used 9294K, capacity 9916K, committed 9984K, reserved 1048576K
}
Event: 14.955 GC heap after
{Heap after GC invocations=27 (full 0):
 garbage-first heap   total 118784K, used 66702K [0x0000000080000000, 0x0000000100000000)
  region size 1024K, 4 young (4096K), 4 survivors (4096K)
 Metaspace       used 72692K, capacity 74337K, committed 74588K, reserved 1114112K
  class space    used 9294K, capacity 9916K, committed 9984K, reserved 1048576K
}
Event: 15.888 GC heap before
{Heap before GC invocations=28 (full 0):
 garbage-first heap   total 118784K, used 96398K [0x0000000080000000, 0x0000000100000000)
  region size 1024K, 33 young (33792K), 4 survivors (4096K)
 Metaspace       used 75472K, capacity 77135K, committed 77276K, reserved 1116160K
  class space    used 9685K, capacity 10309K, committed 10368K, reserved 1048576K
}
Event: 15.893 GC heap after
{Heap after GC invocations=29 (full 0):
 garbage-first heap   total 118784K, used 68757K [0x0000000080000000, 0x0000000100000000)
  region size 1024K, 4 young (4096K), 4 survivors (4096K)
 Metaspace       used 75472K, capacity 77135K, committed 77276K, reserved 1116160K
  class space    used 9685K, capacity 10309K, committed 10368K, reserved 1048576K
}
Event: 16.679 GC heap before
{Heap before GC invocations=29 (full 0):
 garbage-first heap   total 118784K, used 97429K [0x0000000080000000, 0x0000000100000000)
  region size 1024K, 32 young (32768K), 4 survivors (4096K)
 Metaspace       used 77919K, capacity 79666K, committed 79708K, reserved 1118208K
  class space    used 10049K, capacity 10715K, committed 10752K, reserved 1048576K
}
Event: 16.688 GC heap after
{Heap after GC invocations=30 (full 0):
 garbage-first heap   total 118784K, used 70483K [0x0000000080000000, 0x0000000100000000)
  region size 1024K, 4 young (4096K), 4 survivors (4096K)
 Metaspace       used 77919K, capacity 79666K, committed 79708K, reserved 1118208K
  class space    used 10049K, capacity 10715K, committed 10752K, reserved 1048576K
}
Event: 17.283 GC heap before
{Heap before GC invocations=31 (full 0):
 garbage-first heap   total 118784K, used 99155K [0x0000000080000000, 0x0000000100000000)
  region size 1024K, 32 young (32768K), 4 survivors (4096K)
 Metaspace       used 81358K, capacity 83128K, committed 83292K, reserved 1122304K
  class space    used 10522K, capacity 11192K, committed 11264K, reserved 1048576K
}
Event: 17.289 GC heap after
{Heap after GC invocations=32 (full 0):
 garbage-first heap   total 118784K, used 71856K [0x0000000080000000, 0x0000000100000000)
  region size 1024K, 4 young (4096K), 4 survivors (4096K)
 Metaspace       used 81358K, capacity 83128K, committed 83292K, reserved 1122304K
  class space    used 10522K, capacity 11192K, committed 11264K, reserved 1048576K
}
Event: 18.021 GC heap before
{Heap before GC invocations=32 (full 0):
 garbage-first heap   total 118784K, used 99504K [0x0000000080000000, 0x0000000100000000)
  region size 1024K, 31 young (31744K), 4 survivors (4096K)
 Metaspace       used 83441K, capacity 85270K, committed 85340K, reserved 1124352K
  class space    used 10767K, capacity 11475K, committed 11520K, reserved 1048576K
}
Event: 18.028 GC heap after
{Heap after GC invocations=33 (full 0):
 garbage-first heap   total 118784K, used 74104K [0x0000000080000000, 0x0000000100000000)
  region size 1024K, 4 young (4096K), 4 survivors (4096K)
 Metaspace       used 83441K, capacity 85270K, committed 85340K, reserved 1124352K
  class space    used 10767K, capacity 11475K, committed 11520K, reserved 1048576K
}
Event: 18.446 GC heap before
{Heap before GC invocations=34 (full 0):
 garbage-first heap   total 118784K, used 98680K [0x0000000080000000, 0x0000000100000000)
  region size 1024K, 29 young (29696K), 4 survivors (4096K)
 Metaspace       used 85721K, capacity 87667K, committed 87900K, reserved 1126400K
  class space    used 10977K, capacity 11710K, committed 11776K, reserved 1048576K
}
Event: 18.453 GC heap after
{Heap after GC invocations=35 (full 0):
 garbage-first heap   total 118784K, used 77792K [0x0000000080000000, 0x0000000100000000)
  region size 1024K, 4 young (4096K), 4 survivors (4096K)
 Metaspace       used 85721K, capacity 87667K, committed 87900K, reserved 1126400K
  class space    used 10977K, capacity 11710K, committed 11776K, reserved 1048576K
}

