# JRE version: OpenJDK Runtime Environment (11.0.11+9) (build 11.0.11+9-b60-7590822)
# Java VM: OpenJDK 64-Bit Server VM (11.0.11+9-b60-7590822, mixed mode, tiered, compressed oops, g1 gc, windows-amd64)
Heap:
 garbage-first heap   total 143360K, used 115270K [0x0000000080000000, 0x0000000100000000)
  region size 1024K, 16 young (16384K), 2 survivors (2048K)
 Metaspace       used 103981K, capacity 106310K, committed 106444K, reserved 1142784K
  class space    used 13065K, capacity 13979K, committed 14080K, reserved 1048576K
GC Heap History (20 events):
Event: 20.439 GC heap before
{Heap before GC invocations=36 (full 0):
 garbage-first heap   total 143360K, used 94809K [0x0000000080000000, 0x0000000100000000)
  region size 1024K, 9 young (9216K), 5 survivors (5120K)
 Metaspace       used 94914K, capacity 97110K, committed 97484K, reserved 1134592K
  class space    used 12101K, capacity 12923K, committed 13056K, reserved 1048576K
}
Event: 20.446 GC heap after
{Heap after GC invocations=37 (full 0):
 garbage-first heap   total 143360K, used 91768K [0x0000000080000000, 0x0000000100000000)
  region size 1024K, 3 young (3072K), 3 survivors (3072K)
 Metaspace       used 94914K, capacity 97110K, committed 97484K, reserved 1134592K
  class space    used 12101K, capacity 12923K, committed 13056K, reserved 1048576K
}
Event: 21.188 GC heap before
{Heap before GC invocations=38 (full 0):
 garbage-first heap   total 143360K, used 115320K [0x0000000080000000, 0x0000000100000000)
  region size 1024K, 24 young (24576K), 3 survivors (3072K)
 Metaspace       used 95283K, capacity 97514K, committed 97740K, reserved 1134592K
  class space    used 12147K, capacity 12965K, committed 13056K, reserved 1048576K
}
Event: 21.193 GC heap after
{Heap after GC invocations=39 (full 0):
 garbage-first heap   total 143360K, used 91951K [0x0000000080000000, 0x0000000100000000)
  region size 1024K, 1 young (1024K), 1 survivors (1024K)
 Metaspace       used 95283K, capacity 97514K, committed 97740K, reserved 1134592K
  class space    used 12147K, capacity 12965K, committed 13056K, reserved 1048576K
}
Event: 21.207 GC heap before
{Heap before GC invocations=39 (full 0):
 garbage-first heap   total 143360K, used 91951K [0x0000000080000000, 0x0000000100000000)
  region size 1024K, 2 young (2048K), 1 survivors (1024K)
 Metaspace       used 95329K, capacity 97600K, committed 97740K, reserved 1134592K
  class space    used 12152K, capacity 12970K, committed 13056K, reserved 1048576K
}
Event: 21.209 GC heap after
{Heap after GC invocations=40 (full 0):
 garbage-first heap   total 143360K, used 92010K [0x0000000080000000, 0x0000000100000000)
  region size 1024K, 1 young (1024K), 1 survivors (1024K)
 Metaspace       used 95329K, capacity 97600K, committed 97740K, reserved 1134592K
  class space    used 12152K, capacity 12970K, committed 13056K, reserved 1048576K
}
Event: 21.610 GC heap before
{Heap before GC invocations=41 (full 0):
 garbage-first heap   total 143360K, used 114538K [0x0000000080000000, 0x0000000100000000)
  region size 1024K, 21 young (21504K), 1 survivors (1024K)
 Metaspace       used 96081K, capacity 98289K, committed 98636K, reserved 1134592K
  class space    used 12253K, capacity 13074K, committed 13184K, reserved 1048576K
}
Event: 21.615 GC heap after
{Heap after GC invocations=42 (full 0):
 garbage-first heap   total 143360K, used 96897K [0x0000000080000000, 0x0000000100000000)
  region size 1024K, 3 young (3072K), 3 survivors (3072K)
 Metaspace       used 96081K, capacity 98289K, committed 98636K, reserved 1134592K
  class space    used 12253K, capacity 13074K, committed 13184K, reserved 1048576K
}
Event: 21.887 GC heap before
{Heap before GC invocations=42 (full 0):
 garbage-first heap   total 143360K, used 115329K [0x0000000080000000, 0x0000000100000000)
  region size 1024K, 22 young (22528K), 3 survivors (3072K)
 Metaspace       used 96690K, capacity 98935K, committed 99148K, reserved 1134592K
  class space    used 12287K, capacity 13140K, committed 13184K, reserved 1048576K
}
Event: 21.891 GC heap after
{Heap after GC invocations=43 (full 0):
 garbage-first heap   total 143360K, used 98167K [0x0000000080000000, 0x0000000100000000)
  region size 1024K, 2 young (2048K), 2 survivors (2048K)
 Metaspace       used 96690K, capacity 98935K, committed 99148K, reserved 1134592K
  class space    used 12287K, capacity 13140K, committed 13184K, reserved 1048576K
}
Event: 22.322 GC heap before
{Heap before GC invocations=44 (full 0):
 garbage-first heap   total 143360K, used 116599K [0x0000000080000000, 0x0000000100000000)
  region size 1024K, 21 young (21504K), 2 survivors (2048K)
 Metaspace       used 96722K, capacity 98942K, committed 99148K, reserved 1134592K
  class space    used 12288K, capacity 13142K, committed 13184K, reserved 1048576K
}
Event: 22.325 GC heap after
{Heap after GC invocations=45 (full 0):
 garbage-first heap   total 143360K, used 99065K [0x0000000080000000, 0x0000000100000000)
  region size 1024K, 2 young (2048K), 2 survivors (2048K)
 Metaspace       used 96722K, capacity 98942K, committed 99148K, reserved 1134592K
  class space    used 12288K, capacity 13142K, committed 13184K, reserved 1048576K
}
Event: 22.463 GC heap before
{Heap before GC invocations=45 (full 0):
 garbage-first heap   total 143360K, used 108281K [0x0000000080000000, 0x0000000100000000)
  region size 1024K, 13 young (13312K), 2 survivors (2048K)
 Metaspace       used 96896K, capacity 99110K, committed 99148K, reserved 1134592K
  class space    used 12308K, capacity 13177K, committed 13184K, reserved 1048576K
}
Event: 22.466 GC heap after
{Heap after GC invocations=46 (full 0):
 garbage-first heap   total 143360K, used 100162K [0x0000000080000000, 0x0000000100000000)
  region size 1024K, 3 young (3072K), 3 survivors (3072K)
 Metaspace       used 96896K, capacity 99110K, committed 99148K, reserved 1134592K
  class space    used 12308K, capacity 13177K, committed 13184K, reserved 1048576K
}
Event: 22.819 GC heap before
{Heap before GC invocations=47 (full 0):
 garbage-first heap   total 143360K, used 104258K [0x0000000080000000, 0x0000000100000000)
  region size 1024K, 8 young (8192K), 3 survivors (3072K)
 Metaspace       used 98031K, capacity 100256K, committed 100556K, reserved 1136640K
  class space    used 12367K, capacity 13217K, committed 13312K, reserved 1048576K
}
Event: 22.823 GC heap after
{Heap after GC invocations=48 (full 0):
 garbage-first heap   total 143360K, used 99714K [0x0000000080000000, 0x0000000100000000)
  region size 1024K, 1 young (1024K), 1 survivors (1024K)
 Metaspace       used 98031K, capacity 100256K, committed 100556K, reserved 1136640K
  class space    used 12367K, capacity 13217K, committed 13312K, reserved 1048576K
}
Event: 23.550 GC heap before
{Heap before GC invocations=49 (full 0):
 garbage-first heap   total 143360K, used 119170K [0x0000000080000000, 0x0000000100000000)
  region size 1024K, 19 young (19456K), 1 survivors (1024K)
 Metaspace       used 102196K, capacity 104519K, committed 104652K, reserved 1140736K
  class space    used 12894K, capacity 13766K, committed 13824K, reserved 1048576K
}
Event: 23.556 GC heap after
{Heap after GC invocations=50 (full 0):
 garbage-first heap   total 143360K, used 100919K [0x0000000080000000, 0x0000000100000000)
  region size 1024K, 2 young (2048K), 2 survivors (2048K)
 Metaspace       used 102196K, capacity 104519K, committed 104652K, reserved 1140736K
  class space    used 12894K, capacity 13766K, committed 13824K, reserved 1048576K
}
Event: 23.664 GC heap before
{Heap before GC invocations=50 (full 0):
 garbage-first heap   total 143360K, used 102967K [0x0000000080000000, 0x0000000100000000)
  region size 1024K, 6 young (6144K), 2 survivors (2048K)
 Metaspace       used 102196K, capacity 104519K, committed 104652K, reserved 1140736K
  class space    used 12894K, capacity 13766K, committed 13824K, reserved 1048576K
}
Event: 23.666 GC heap after
{Heap after GC invocations=51 (full 0):
 garbage-first heap   total 143360K, used 100934K [0x0000000080000000, 0x0000000100000000)
  region size 1024K, 2 young (2048K), 2 survivors (2048K)
 Metaspace       used 102196K, capacity 104519K, committed 104652K, reserved 1140736K
  class space    used 12894K, capacity 13766K, committed 13824K, reserved 1048576K
}

