# JRE version: OpenJDK Runtime Environment (11.0.11+9) (build 11.0.11+9-b60-7590822)
# Java VM: OpenJDK 64-Bit Server VM (11.0.11+9-b60-7590822, mixed mode, tiered, compressed oops, g1 gc, windows-amd64)
Heap:
 garbage-first heap   total 172032K, used 98685K [0x0000000080000000, 0x0000000100000000)
  region size 1024K, 30 young (30720K), 9 survivors (9216K)
 Metaspace       used 87999K, capacity 90103K, committed 90332K, reserved 1128448K
  class space    used 11309K, capacity 12115K, committed 12160K, reserved 1048576K
GC Heap History (20 events):
Event: 5.475 GC heap before
{Heap before GC invocations=11 (full 0):
 garbage-first heap   total 118784K, used 84805K [0x0000000080000000, 0x0000000100000000)
  region size 1024K, 64 young (65536K), 8 survivors (8192K)
 Metaspace       used 44550K, capacity 45604K, committed 45724K, reserved 1089536K
  class space    used 5699K, capacity 6093K, committed 6144K, reserved 1048576K
}
Event: 5.484 GC heap after
{Heap after GC invocations=12 (full 0):
 garbage-first heap   total 143360K, used 30366K [0x0000000080000000, 0x0000000100000000)
  region size 1024K, 8 young (8192K), 8 survivors (8192K)
 Metaspace       used 44550K, capacity 45604K, committed 45724K, reserved 1089536K
  class space    used 5699K, capacity 6093K, committed 6144K, reserved 1048576K
}
Event: 7.061 GC heap before
{Heap before GC invocations=12 (full 0):
 garbage-first heap   total 143360K, used 93854K [0x0000000080000000, 0x0000000100000000)
  region size 1024K, 71 young (72704K), 8 survivors (8192K)
 Metaspace       used 47983K, capacity 49281K, committed 49564K, reserved 1091584K
  class space    used 6108K, capacity 6570K, committed 6656K, reserved 1048576K
}
Event: 7.069 GC heap after
{Heap after GC invocations=13 (full 0):
 garbage-first heap   total 143360K, used 34836K [0x0000000080000000, 0x0000000100000000)
  region size 1024K, 8 young (8192K), 8 survivors (8192K)
 Metaspace       used 47983K, capacity 49281K, committed 49564K, reserved 1091584K
  class space    used 6108K, capacity 6570K, committed 6656K, reserved 1048576K
}
Event: 8.329 GC heap before
{Heap before GC invocations=13 (full 0):
 garbage-first heap   total 143360K, used 116756K [0x0000000080000000, 0x0000000100000000)
  region size 1024K, 79 young (80896K), 8 survivors (8192K)
 Metaspace       used 55425K, capacity 56838K, committed 57116K, reserved 1099776K
  class space    used 7015K, capacity 7514K, committed 7552K, reserved 1048576K
}
Event: 8.338 GC heap after
{Heap after GC invocations=14 (full 0):
 garbage-first heap   total 143360K, used 52772K [0x0000000080000000, 0x0000000100000000)
  region size 1024K, 10 young (10240K), 10 survivors (10240K)
 Metaspace       used 55425K, capacity 56838K, committed 57116K, reserved 1099776K
  class space    used 7015K, capacity 7514K, committed 7552K, reserved 1048576K
}
Event: 8.801 GC heap before
{Heap before GC invocations=14 (full 0):
 garbage-first heap   total 143360K, used 76324K [0x0000000080000000, 0x0000000100000000)
  region size 1024K, 34 young (34816K), 10 survivors (10240K)
 Metaspace       used 59172K, capacity 60574K, committed 60636K, reserved 1101824K
  class space    used 7444K, capacity 8010K, committed 8064K, reserved 1048576K
}
Event: 8.810 GC heap after
{Heap after GC invocations=15 (full 0):
 garbage-first heap   total 143360K, used 54746K [0x0000000080000000, 0x0000000100000000)
  region size 1024K, 2 young (2048K), 2 survivors (2048K)
 Metaspace       used 59172K, capacity 60574K, committed 60636K, reserved 1101824K
  class space    used 7444K, capacity 8010K, committed 8064K, reserved 1048576K
}
Event: 9.565 GC heap before
{Heap before GC invocations=16 (full 0):
 garbage-first heap   total 143360K, used 97754K [0x0000000080000000, 0x0000000100000000)
  region size 1024K, 45 young (46080K), 2 survivors (2048K)
 Metaspace       used 63863K, capacity 65437K, committed 65628K, reserved 1105920K
  class space    used 8018K, capacity 8603K, committed 8704K, reserved 1048576K
}
Event: 9.571 GC heap after
{Heap after GC invocations=17 (full 0):
 garbage-first heap   total 172032K, used 58227K [0x0000000080000000, 0x0000000100000000)
  region size 1024K, 6 young (6144K), 6 survivors (6144K)
 Metaspace       used 63863K, capacity 65437K, committed 65628K, reserved 1105920K
  class space    used 8018K, capacity 8603K, committed 8704K, reserved 1048576K
}
Event: 10.524 GC heap before
{Heap before GC invocations=18 (full 0):
 garbage-first heap   total 172032K, used 114547K [0x0000000080000000, 0x0000000100000000)
  region size 1024K, 61 young (62464K), 6 survivors (6144K)
 Metaspace       used 68225K, capacity 69784K, committed 69980K, reserved 1110016K
  class space    used 8592K, capacity 9165K, committed 9216K, reserved 1048576K
}
Event: 10.531 GC heap after
{Heap after GC invocations=19 (full 0):
 garbage-first heap   total 172032K, used 61471K [0x0000000080000000, 0x0000000100000000)
  region size 1024K, 8 young (8192K), 8 survivors (8192K)
 Metaspace       used 68225K, capacity 69784K, committed 69980K, reserved 1110016K
  class space    used 8592K, capacity 9165K, committed 9216K, reserved 1048576K
}
Event: 11.119 GC heap before
{Heap before GC invocations=19 (full 0):
 garbage-first heap   total 172032K, used 119839K [0x0000000080000000, 0x0000000100000000)
  region size 1024K, 65 young (66560K), 8 survivors (8192K)
 Metaspace       used 70215K, capacity 71825K, committed 72028K, reserved 1112064K
  class space    used 8831K, capacity 9461K, committed 9472K, reserved 1048576K
}
Event: 11.127 GC heap after
{Heap after GC invocations=20 (full 0):
 garbage-first heap   total 172032K, used 66253K [0x0000000080000000, 0x0000000100000000)
  region size 1024K, 8 young (8192K), 8 survivors (8192K)
 Metaspace       used 70215K, capacity 71825K, committed 72028K, reserved 1112064K
  class space    used 8831K, capacity 9461K, committed 9472K, reserved 1048576K
}
Event: 12.394 GC heap before
{Heap before GC invocations=20 (full 0):
 garbage-first heap   total 172032K, used 125645K [0x0000000080000000, 0x0000000100000000)
  region size 1024K, 66 young (67584K), 8 survivors (8192K)
 Metaspace       used 76452K, capacity 78151K, committed 78428K, reserved 1118208K
  class space    used 9826K, capacity 10473K, committed 10496K, reserved 1048576K
}
Event: 12.408 GC heap after
{Heap after GC invocations=21 (full 0):
 garbage-first heap   total 172032K, used 69921K [0x0000000080000000, 0x0000000100000000)
  region size 1024K, 9 young (9216K), 9 survivors (9216K)
 Metaspace       used 76452K, capacity 78151K, committed 78428K, reserved 1118208K
  class space    used 9826K, capacity 10473K, committed 10496K, reserved 1048576K
}
Event: 14.042 GC heap before
{Heap before GC invocations=21 (full 0):
 garbage-first heap   total 172032K, used 129313K [0x0000000080000000, 0x0000000100000000)
  region size 1024K, 67 young (68608K), 9 survivors (9216K)
 Metaspace       used 82573K, capacity 84382K, committed 84444K, reserved 1122304K
  class space    used 10660K, capacity 11374K, committed 11392K, reserved 1048576K
}
Event: 14.054 GC heap after
{Heap after GC invocations=22 (full 0):
 garbage-first heap   total 172032K, used 73238K [0x0000000080000000, 0x0000000100000000)
  region size 1024K, 8 young (8192K), 8 survivors (8192K)
 Metaspace       used 82573K, capacity 84382K, committed 84444K, reserved 1122304K
  class space    used 10660K, capacity 11374K, committed 11392K, reserved 1048576K
}
Event: 15.482 GC heap before
{Heap before GC invocations=22 (full 0):
 garbage-first heap   total 172032K, used 131606K [0x0000000080000000, 0x0000000100000000)
  region size 1024K, 65 young (66560K), 8 survivors (8192K)
 Metaspace       used 87434K, capacity 89419K, committed 89436K, reserved 1126400K
  class space    used 11240K, capacity 12020K, committed 12032K, reserved 1048576K
}
Event: 15.494 GC heap after
{Heap after GC invocations=23 (full 0):
 garbage-first heap   total 172032K, used 79229K [0x0000000080000000, 0x0000000100000000)
  region size 1024K, 9 young (9216K), 9 survivors (9216K)
 Metaspace       used 87434K, capacity 89419K, committed 89436K, reserved 1126400K
  class space    used 11240K, capacity 12020K, committed 12032K, reserved 1048576K
}

