# JRE version: OpenJDK Runtime Environment (11.0.11+9) (build 11.0.11+9-b60-7590822)
# Java VM: OpenJDK 64-Bit Server VM (11.0.11+9-b60-7590822, mixed mode, tiered, compressed oops, g1 gc, windows-amd64)
Heap:
 garbage-first heap   total 503808K, used 248123K [0x0000000080000000, 0x0000000100000000)
  region size 1024K, 8 young (8192K), 8 survivors (8192K)
 Metaspace       used 139863K, capacity 144662K, committed 144696K, reserved 1175552K
  class space    used 16943K, capacity 18670K, committed 18688K, reserved 1048576K
GC Heap History (20 events):
Event: 3460.172 GC heap after
{Heap after GC invocations=204 (full 0):
 garbage-first heap   total 437248K, used 222612K [0x0000000080000000, 0x0000000100000000)
  region size 1024K, 8 young (8192K), 8 survivors (8192K)
 Metaspace       used 132784K, capacity 137354K, committed 137528K, reserved 1169408K
  class space    used 16210K, capacity 17870K, committed 17920K, reserved 1048576K
}
Event: 3460.277 GC heap before
{Heap before GC invocations=204 (full 0):
 garbage-first heap   total 437248K, used 235924K [0x0000000080000000, 0x0000000100000000)
  region size 1024K, 21 young (21504K), 8 survivors (8192K)
 Metaspace       used 132943K, capacity 137529K, committed 137784K, reserved 1169408K
  class space    used 16229K, capacity 17884K, committed 17920K, reserved 1048576K
}
Event: 3460.296 GC heap after
{Heap after GC invocations=205 (full 0):
 garbage-first heap   total 437248K, used 220821K [0x0000000080000000, 0x0000000100000000)
  region size 1024K, 3 young (3072K), 3 survivors (3072K)
 Metaspace       used 132943K, capacity 137529K, committed 137784K, reserved 1169408K
  class space    used 16229K, capacity 17884K, committed 17920K, reserved 1048576K
}
Event: 3460.639 GC heap before
{Heap before GC invocations=205 (full 0):
 garbage-first heap   total 437248K, used 259733K [0x0000000080000000, 0x0000000100000000)
  region size 1024K, 42 young (43008K), 3 survivors (3072K)
 Metaspace       used 133231K, capacity 137847K, committed 138040K, reserved 1169408K
  class space    used 16255K, capacity 17898K, committed 17920K, reserved 1048576K
}
Event: 3460.649 GC heap after
{Heap after GC invocations=206 (full 0):
 garbage-first heap   total 437248K, used 224459K [0x0000000080000000, 0x0000000100000000)
  region size 1024K, 6 young (6144K), 6 survivors (6144K)
 Metaspace       used 133231K, capacity 137847K, committed 138040K, reserved 1169408K
  class space    used 16255K, capacity 17898K, committed 17920K, reserved 1048576K
}
Event: 3462.648 GC heap before
{Heap before GC invocations=207 (full 0):
 garbage-first heap   total 437248K, used 318667K [0x0000000080000000, 0x0000000100000000)
  region size 1024K, 79 young (80896K), 6 survivors (6144K)
 Metaspace       used 133622K, capacity 138225K, committed 138424K, reserved 1169408K
  class space    used 16292K, capacity 17954K, committed 18048K, reserved 1048576K
}
Event: 3462.672 GC heap after
{Heap after GC invocations=208 (full 0):
 garbage-first heap   total 437248K, used 244954K [0x0000000080000000, 0x0000000100000000)
  region size 1024K, 8 young (8192K), 8 survivors (8192K)
 Metaspace       used 133622K, capacity 138225K, committed 138424K, reserved 1169408K
  class space    used 16292K, capacity 17954K, committed 18048K, reserved 1048576K
}
Event: 3462.829 GC heap before
{Heap before GC invocations=208 (full 0):
 garbage-first heap   total 437248K, used 259290K [0x0000000080000000, 0x0000000100000000)
  region size 1024K, 21 young (21504K), 8 survivors (8192K)
 Metaspace       used 133780K, capacity 138388K, committed 138680K, reserved 1169408K
  class space    used 16306K, capacity 17966K, committed 18048K, reserved 1048576K
}
Event: 3462.849 GC heap after
{Heap after GC invocations=209 (full 0):
 garbage-first heap   total 437248K, used 244605K [0x0000000080000000, 0x0000000100000000)
  region size 1024K, 3 young (3072K), 3 survivors (3072K)
 Metaspace       used 133780K, capacity 138388K, committed 138680K, reserved 1169408K
  class space    used 16306K, capacity 17966K, committed 18048K, reserved 1048576K
}
Event: 3462.909 GC heap before
{Heap before GC invocations=209 (full 0):
 garbage-first heap   total 437248K, used 249725K [0x0000000080000000, 0x0000000100000000)
  region size 1024K, 10 young (10240K), 3 survivors (3072K)
 Metaspace       used 133782K, capacity 138388K, committed 138680K, reserved 1169408K
  class space    used 16306K, capacity 17966K, committed 18048K, reserved 1048576K
}
Event: 3462.916 GC heap after
{Heap after GC invocations=210 (full 0):
 garbage-first heap   total 437248K, used 246230K [0x0000000080000000, 0x0000000100000000)
  region size 1024K, 4 young (4096K), 4 survivors (4096K)
 Metaspace       used 133782K, capacity 138388K, committed 138680K, reserved 1169408K
  class space    used 16306K, capacity 17966K, committed 18048K, reserved 1048576K
}
Event: 3463.416 GC heap before
{Heap before GC invocations=210 (full 0):
 garbage-first heap   total 437248K, used 328150K [0x0000000080000000, 0x0000000100000000)
  region size 1024K, 78 young (79872K), 4 survivors (4096K)
 Metaspace       used 133917K, capacity 138513K, committed 138680K, reserved 1169408K
  class space    used 16323K, capacity 18005K, committed 18048K, reserved 1048576K
}
Event: 3463.437 GC heap after
{Heap after GC invocations=211 (full 0):
 garbage-first heap   total 437248K, used 263960K [0x0000000080000000, 0x0000000100000000)
  region size 1024K, 10 young (10240K), 10 survivors (10240K)
 Metaspace       used 133917K, capacity 138513K, committed 138680K, reserved 1169408K
  class space    used 16323K, capacity 18005K, committed 18048K, reserved 1048576K
}
Event: 3464.020 GC heap before
{Heap before GC invocations=212 (full 0):
 garbage-first heap   total 437248K, used 369432K [0x0000000080000000, 0x0000000100000000)
  region size 1024K, 80 young (81920K), 10 survivors (10240K)
 Metaspace       used 134127K, capacity 138757K, committed 138936K, reserved 1171456K
  class space    used 16332K, capacity 18018K, committed 18048K, reserved 1048576K
}
Event: 3464.037 GC heap after
{Heap after GC invocations=213 (full 0):
 garbage-first heap   total 437248K, used 295646K [0x0000000080000000, 0x0000000100000000)
  region size 1024K, 10 young (10240K), 10 survivors (10240K)
 Metaspace       used 134127K, capacity 138757K, committed 138936K, reserved 1171456K
  class space    used 16332K, capacity 18018K, committed 18048K, reserved 1048576K
}
Event: 3464.121 GC heap before
{Heap before GC invocations=213 (full 0):
 garbage-first heap   total 437248K, used 306910K [0x0000000080000000, 0x0000000100000000)
  region size 1024K, 21 young (21504K), 10 survivors (10240K)
 Metaspace       used 134161K, capacity 138784K, committed 138936K, reserved 1171456K
  class space    used 16336K, capacity 18024K, committed 18048K, reserved 1048576K
}
Event: 3464.137 GC heap after
{Heap after GC invocations=214 (full 0):
 garbage-first heap   total 437248K, used 295187K [0x0000000080000000, 0x0000000100000000)
  region size 1024K, 2 young (2048K), 2 survivors (2048K)
 Metaspace       used 134161K, capacity 138784K, committed 138936K, reserved 1171456K
  class space    used 16336K, capacity 18024K, committed 18048K, reserved 1048576K
}
Event: 3464.421 GC heap before
{Heap before GC invocations=214 (full 0):
 garbage-first heap   total 437248K, used 311571K [0x0000000080000000, 0x0000000100000000)
  region size 1024K, 20 young (20480K), 2 survivors (2048K)
 Metaspace       used 134318K, capacity 139038K, committed 139320K, reserved 1171456K
  class space    used 16356K, capacity 18053K, committed 18176K, reserved 1048576K
}
Event: 3464.427 GC heap after
{Heap after GC invocations=215 (full 0):
 garbage-first heap   total 437248K, used 294407K [0x0000000080000000, 0x0000000100000000)
  region size 1024K, 2 young (2048K), 2 survivors (2048K)
 Metaspace       used 134318K, capacity 139038K, committed 139320K, reserved 1171456K
  class space    used 16356K, capacity 18053K, committed 18176K, reserved 1048576K
}
Event: 3465.963 GC heap before
{Heap before GC invocations=216 (full 0):
 garbage-first heap   total 437248K, used 301575K [0x0000000080000000, 0x0000000100000000)
  region size 1024K, 61 young (62464K), 2 survivors (2048K)
 Metaspace       used 139863K, capacity 144662K, committed 144696K, reserved 1175552K
  class space    used 16943K, capacity 18670K, committed 18688K, reserved 1048576K
}

